[  0%] Built target std_msgs_generate_messages_eus
[  0%] Built target rosgraph_msgs_generate_messages_nodejs
[  0%] Built target rosgraph_msgs_generate_messages_py
[  0%] Built target rosgraph_msgs_generate_messages_lisp
[  0%] Built target std_msgs_generate_messages_nodejs
[  0%] Built target rosgraph_msgs_generate_messages_eus
[  0%] Built target roscpp_generate_messages_py
[  0%] Built target rosgraph_msgs_generate_messages_cpp
[  0%] Built target roscpp_generate_messages_lisp
[  0%] Built target roscpp_generate_messages_nodejs
[  0%] Built target std_msgs_generate_messages_py
[  0%] Built target geometry_msgs_generate_messages_eus
[  0%] Built target roscpp_generate_messages_eus
[  0%] Built target geometry_msgs_generate_messages_nodejs
[  0%] Built target sensor_msgs_generate_messages_py
[  0%] Built target std_msgs_generate_messages_cpp
[  0%] Built target sensor_msgs_generate_messages_cpp
[  0%] Built target sensor_msgs_generate_messages_eus
[  0%] Built target std_msgs_generate_messages_lisp
[  0%] Built target sensor_msgs_generate_messages_lisp
[  0%] Built target geometry_msgs_generate_messages_cpp
[  0%] Built target sensor_msgs_generate_messages_nodejs
[  0%] Built target roscpp_generate_messages_cpp
[  0%] Built target geometry_msgs_generate_messages_lisp
[  0%] Built target geometry_msgs_generate_messages_py
[ 25%] [32m[1mLinking CXX executable /home/whymatter/github.com/albatross/ros/devel/.private/cup_detector/lib/cup_detector/cup_detector[0m
/usr/bin/x86_64-linux-gnu-ld: cannot find -ldarknet
collect2: error: ld returned 1 exit status
CMakeFiles/cup_detector.dir/build.make:201: recipe for target '/home/whymatter/github.com/albatross/ros/devel/.private/cup_detector/lib/cup_detector/cup_detector' failed
make[2]: *** [/home/whymatter/github.com/albatross/ros/devel/.private/cup_detector/lib/cup_detector/cup_detector] Error 1
CMakeFiles/Makefile2:1051: recipe for target 'CMakeFiles/cup_detector.dir/all' failed
make[1]: *** [CMakeFiles/cup_detector.dir/all] Error 2
Makefile:140: recipe for target 'all' failed
make: *** [all] Error 2
