In file included from [01m[K/home/whymatter/github.com/albatross/ros/src/yolo_detector/src/main.cpp:8:0[m[K:
/home/whymatter/github.com/albatross/ros/src/yolo_detector/include/yolo_detector/yolo_detector_node.h: In instantiation of â€˜[01m[Kvoid alb::yolo_detector::CupDetectorNode<TNode>::CamCallback(const CvImageConstPtr&) [with TNode = alb::base::ros::AlbRosNodehandle; cv_bridge::CvImageConstPtr = boost::shared_ptr<const cv_bridge::CvImage>][m[Kâ€™:
[01m[K/home/whymatter/github.com/albatross/ros/src/yolo_detector/include/yolo_detector/yolo_detector_node.h:32:25:[m[K   required from â€˜[01m[Kalb::yolo_detector::CupDetectorNode<TNode>::CupDetectorNode(TNode&) [with TNode = alb::base::ros::AlbRosNodehandle][m[Kâ€™
[01m[K/home/whymatter/github.com/albatross/ros/src/yolo_detector/src/main.cpp:14:105:[m[K   required from here
[01m[K/home/whymatter/github.com/albatross/ros/src/yolo_detector/include/yolo_detector/yolo_detector_node.h:38:65:[m[K [01;31m[Kerror: [m[Kbinding â€˜[01m[Kconst cv::Mat[m[Kâ€™ to reference of type â€˜[01m[Kcv::Mat&[m[Kâ€™ discards qualifiers
                 auto detections = this->detector_.Detect([01;31m[Kimage->image[m[K);
                                                          [01;31m[K~~~~~~~^~~~~[m[K
In file included from [01m[K/home/whymatter/github.com/albatross/ros/src/yolo_detector/include/yolo_detector/yolo_detector_node.h:13:0[m[K,
                 from [01m[K/home/whymatter/github.com/albatross/ros/src/yolo_detector/src/main.cpp:8[m[K:
[01m[K/home/whymatter/github.com/albatross/ros/src/yolo_detector/include/yolo_detector/detector.h:23:35:[m[K [01;36m[Knote: [m[K  initializing argument 1 of â€˜[01m[Kstd::vector<bbox_t> alb::yolo_detector::Detector::Detect(cv::Mat&)[m[Kâ€™
             std::vector<::bbox_t> [01;36m[KDetect[m[K(::cv::Mat &frame);
                                   [01;36m[K^~~~~~[m[K
make[2]: *** [CMakeFiles/yolo_detector.dir/src/main.cpp.o] Error 1
make[1]: *** [CMakeFiles/yolo_detector.dir/all] Error 2
make: *** [all] Error 2
