In file included from [01m[K/home/whymatter/github.com/albatross/ros/src/yolo_detector/src/main.cpp:8:0[m[K:
[01m[K/home/whymatter/github.com/albatross/ros/src/yolo_detector/include/yolo_detector/yolo_detector_node.h:[m[K In constructor â€˜[01m[Kalb::yolo_detector::CupDetectorNode<TNode>::CupDetectorNode(TNode&)[m[Kâ€™:
[01m[K/home/whymatter/github.com/albatross/ros/src/yolo_detector/include/yolo_detector/yolo_detector_node.h:28:13:[m[K [01;31m[Kerror: [m[Kexpected â€˜[01m[K;[m[Kâ€™ before â€˜[01m[K}[m[Kâ€™ token
             [01;31m[K}[m[K
             [01;31m[K^[m[K
/home/whymatter/github.com/albatross/ros/src/yolo_detector/include/yolo_detector/yolo_detector_node.h: In instantiation of â€˜[01m[Kalb::yolo_detector::CupDetectorNode<TNode>::CupDetectorNode(TNode&) [with TNode = alb::base::ros::AlbRosNodehandle][m[Kâ€™:
[01m[K/home/whymatter/github.com/albatross/ros/src/yolo_detector/src/main.cpp:14:105:[m[K   required from here
[01m[K/home/whymatter/github.com/albatross/ros/src/yolo_detector/include/yolo_detector/yolo_detector_node.h:27:32:[m[K [01;31m[Kerror: [m[Kâ€˜[01m[Kclass alb::yolo_detector::CupDetectorNode<alb::base::ros::AlbRosNodehandle>[m[Kâ€™ has no member named â€˜[01m[KSu[m[Kâ€™
                 [01;31m[Kthis->template Su[m[K
                 [01;31m[K~~~~~~~~~~~~~~~^~[m[K
make[2]: *** [CMakeFiles/yolo_detector.dir/src/main.cpp.o] Error 1
make[1]: *** [CMakeFiles/yolo_detector.dir/all] Error 2
make: *** [all] Error 2
