In file included from [01m[K/home/whymatter/github.com/albatross/ros/src/static_environment/src/main.cpp:7:0[m[K:
[01m[K/home/whymatter/github.com/albatross/ros/src/static_environment/include/static_environment/static_environment_node.h:15:55:[m[K [01;31m[Kerror: [m[Kexpected â€˜[01m[K;[m[Kâ€™ at end of member declaration
       explicit StaticEnvironmentNode(TNode& nodeHandle[01;31m[K)[m[K :: alb::base::AlbNode(nodeHandle) {
                                                       [01;31m[K^[m[K
[01m[K/home/whymatter/github.com/albatross/ros/src/static_environment/include/static_environment/static_environment_node.h:15:79:[m[K [01;31m[Kerror: [m[Kâ€˜[01m[KnodeHandle[m[Kâ€™ has not been declared
       explicit StaticEnvironmentNode(TNode& nodeHandle) :: alb::base::AlbNode([01;31m[KnodeHandle[m[K) {
                                                                               [01;31m[K^~~~~~~~~~[m[K
[01m[K/home/whymatter/github.com/albatross/ros/src/static_environment/include/static_environment/static_environment_node.h:15:89:[m[K [01;31m[Kerror: [m[KISO C++ forbids declaration of â€˜[01m[KAlbNode[m[Kâ€™ with no type [[01;31m[K-fpermissive[m[K]
       explicit StaticEnvironmentNode(TNode& nodeHandle) :: alb::base::AlbNode(nodeHandle[01;31m[K)[m[K {
                                                                                         [01;31m[K^[m[K
[01m[K/home/whymatter/github.com/albatross/ros/src/static_environment/include/static_environment/static_environment_node.h:15:89:[m[K [01;31m[Kerror: [m[Kinvalid use of â€˜[01m[K::[m[Kâ€™
make[2]: *** [CMakeFiles/static_environment.dir/src/main.cpp.o] Error 1
make[1]: *** [CMakeFiles/static_environment.dir/all] Error 2
make: *** [all] Error 2
