In file included from [01m[K/home/whymatter/github.com/albatross/ros/src/cam_direct_capture/src/cam_direct_capture_node.cpp:5:0[m[K:
[01m[K/home/whymatter/github.com/albatross/ros/src/cam_direct_capture/include/cam_direct_capture/cam_direct_capture_node.h:[m[K In member function â€˜[01m[Kvoid alb::cam::direct_capture::DirectCaptureNode<T>::CyclicStep()[m[Kâ€™:
[01m[K/home/whymatter/github.com/albatross/ros/src/cam_direct_capture/include/cam_direct_capture/cam_direct_capture_node.h:37:25:[m[K [01;31m[Kerror: [m[Kâ€˜[01m[Kframe_opt[m[Kâ€™ was not declared in this scope
                     if ([01;31m[Kframe_opt[m[K) {
                         [01;31m[K^~~~~~~~~[m[K
In file included from [01m[K/home/whymatter/github.com/albatross/ros/src/cam_direct_capture/src/main.cpp:8:0[m[K:
[01m[K/home/whymatter/github.com/albatross/ros/src/cam_direct_capture/include/cam_direct_capture/cam_direct_capture_node.h:[m[K In member function â€˜[01m[Kvoid alb::cam::direct_capture::DirectCaptureNode<T>::CyclicStep()[m[Kâ€™:
[01m[K/home/whymatter/github.com/albatross/ros/src/cam_direct_capture/include/cam_direct_capture/cam_direct_capture_node.h:37:25:[m[K [01;31m[Kerror: [m[Kâ€˜[01m[Kframe_opt[m[Kâ€™ was not declared in this scope
                     if ([01;31m[Kframe_opt[m[K) {
                         [01;31m[K^~~~~~~~~[m[K
make[2]: *** [CMakeFiles/cam_direct_capture.dir/src/cam_direct_capture_node.cpp.o] Error 1
make[2]: *** Waiting for unfinished jobs....
make[2]: *** [CMakeFiles/cam_direct_capture.dir/src/main.cpp.o] Error 1
make[1]: *** [CMakeFiles/cam_direct_capture.dir/all] Error 2
make: *** [all] Error 2
